  Demo.cpp
c:\users\bountyhunter\code\swoosh\src\swoosh\timer.h(41): warning C4244: 'argument': conversion from 'float' to 'sf::Int32', possible loss of data
c:\users\bountyhunter\code\swoosh\src\swoosh\timer.h(43): warning C4244: 'argument': conversion from 'float' to 'sf::Int32', possible loss of data
c:\users\bountyhunter\code\swoosh\src\swoosh\game.h(53): warning C4244: 'argument': conversion from 'double' to 'T', possible loss of data
          with
          [
              T=float
          ]
c:\users\bountyhunter\code\swoosh\src\swoosh\game.h(57): warning C4244: 'argument': conversion from 'double' to 'T', possible loss of data
          with
          [
              T=float
          ]
c:\users\bountyhunter\code\swoosh\exampledemo\swoosh\demosegues\whitewashfade.h(20): warning C4244: 'argument': conversion from 'T' to 'T', possible loss of data
          with
          [
              T=unsigned int
          ]
          and
          [
              T=float
          ]
c:\users\bountyhunter\code\swoosh\exampledemo\swoosh\demosegues\whitewashfade.h(21): warning C4244: 'argument': conversion from 'double' to 'sf::Uint8', possible loss of data
c:\users\bountyhunter\code\swoosh\exampledemo\swoosh\demosegues\slidein.h(35): warning C4244: 'argument': conversion from 'double' to 'float', possible loss of data
c:\users\bountyhunter\code\swoosh\exampledemo\swoosh\demosegues\slidein.h(44): warning C4244: 'argument': conversion from 'double' to 'float', possible loss of data
c:\users\bountyhunter\code\swoosh\exampledemo\swoosh\demosegues\blendfadein.h(34): warning C4244: 'argument': conversion from 'double' to 'sf::Uint8', possible loss of data
c:\users\bountyhunter\code\swoosh\exampledemo\swoosh\demosegues\blendfadein.h(35): warning C4244: 'argument': conversion from 'double' to 'sf::Uint8', possible loss of data
c:\users\bountyhunter\code\swoosh\exampledemo\swoosh\demoactivities\demoscene.h(142): warning C4244: 'argument': conversion from 'T' to 'T', possible loss of data
          with
          [
              T=unsigned int
          ]
          and
          [
              T=float
          ]
c:\users\bountyhunter\code\swoosh\exampledemo\swoosh\demoactivities\demoscene.h(144): warning C4244: 'argument': conversion from 'T' to 'T', possible loss of data
          with
          [
              T=unsigned int
          ]
          and
          [
              T=float
          ]
c:\users\bountyhunter\code\swoosh\exampledemo\swoosh\demoactivities\demoscene.h(154): warning C4244: 'argument': conversion from 'double' to 'T', possible loss of data
          with
          [
              T=float
          ]
c:\users\bountyhunter\code\swoosh\exampledemo\swoosh\demoactivities\demoscene.h(176): warning C4244: 'argument': conversion from 'double' to 'T', possible loss of data
          with
          [
              T=float
          ]
c:\users\bountyhunter\code\swoosh\exampledemo\swoosh\demoactivities\demoscene.h(184): warning C4244: 'argument': conversion from 'double' to 'float', possible loss of data
c:\users\bountyhunter\code\swoosh\exampledemo\swoosh\demoactivities\demoscene.h(185): warning C4244: 'argument': conversion from 'double' to 'sf::Uint8', possible loss of data
c:\users\bountyhunter\code\swoosh\exampledemo\swoosh\demoactivities\demoscene.h(238): warning C4244: 'argument': conversion from 'double' to 'float', possible loss of data
c:\users\bountyhunter\code\swoosh\exampledemo\swoosh\demoactivities\demoscene.h(251): warning C4244: 'argument': conversion from 'double' to 'float', possible loss of data
c:\users\bountyhunter\code\swoosh\exampledemo\swoosh\demoactivities\demoscene.h(255): warning C4244: 'argument': conversion from 'double' to 'T', possible loss of data
          with
          [
              T=float
          ]
c:\users\bountyhunter\code\swoosh\exampledemo\swoosh\demoactivities\demoscene.h(262): warning C4244: '+=': conversion from 'double' to 'T', possible loss of data
          with
          [
              T=float
          ]
c:\users\bountyhunter\code\swoosh\exampledemo\swoosh\demoactivities\demoscene.h(263): warning C4244: '+=': conversion from 'double' to 'T', possible loss of data
          with
          [
              T=float
          ]
c:\users\bountyhunter\code\swoosh\exampledemo\swoosh\demoactivities\demoscene.h(270): warning C4244: 'argument': conversion from 'double' to 'sf::Uint8', possible loss of data
c:\users\bountyhunter\code\swoosh\exampledemo\swoosh\demoactivities\demoscene.h(286): warning C4244: 'argument': conversion from 'T' to 'float', possible loss of data
          with
          [
              T=unsigned int
          ]
c:\users\bountyhunter\code\swoosh\exampledemo\swoosh\demoactivities\demoscene.h(290): warning C4244: 'argument': conversion from 'T' to 'float', possible loss of data
          with
          [
              T=unsigned int
          ]
c:\users\bountyhunter\code\swoosh\exampledemo\swoosh\demoactivities\demoscene.h(309): warning C4244: 'argument': conversion from 'double' to 'float', possible loss of data
c:\users\bountyhunter\code\swoosh\exampledemo\swoosh\demoactivities\demoscene.h(314): warning C4244: '+=': conversion from 'double' to 'T', possible loss of data
          with
          [
              T=float
          ]
c:\users\bountyhunter\code\swoosh\exampledemo\swoosh\demoactivities\demoscene.h(315): warning C4244: '+=': conversion from 'double' to 'T', possible loss of data
          with
          [
              T=float
          ]
c:\users\bountyhunter\code\swoosh\exampledemo\swoosh\demoactivities\demoscene.h(346): warning C4244: 'argument': conversion from 'double' to 'sf::Uint8', possible loss of data
c:\users\bountyhunter\code\swoosh\exampledemo\swoosh\demoactivities\demoscene.h(352): warning C4244: 'argument': conversion from 'double' to 'T', possible loss of data
          with
          [
              T=float
          ]
c:\users\bountyhunter\code\swoosh\exampledemo\swoosh\demoactivities\demoscene.h(354): warning C4244: 'argument': conversion from 'double' to 'float', possible loss of data
c:\users\bountyhunter\code\swoosh\exampledemo\swoosh\demoactivities\demoscene.h(419): warning C4244: 'argument': conversion from 'T' to 'T', possible loss of data
          with
          [
              T=unsigned int
          ]
          and
          [
              T=float
          ]
c:\users\bountyhunter\code\swoosh\exampledemo\swoosh\demoactivities\demoscene.h(422): warning C4244: 'argument': conversion from 'int' to 'T', possible loss of data
          with
          [
              T=float
          ]
c:\users\bountyhunter\code\swoosh\exampledemo\swoosh\demoactivities\demoscene.h(454): warning C4244: 'argument': conversion from 'T' to 'T', possible loss of data
          with
          [
              T=unsigned int
          ]
          and
          [
              T=float
          ]
c:\users\bountyhunter\code\swoosh\exampledemo\swoosh\demoactivities\hiscorescene.h(61): warning C4244: '=': conversion from 'T' to 'float', possible loss of data
          with
          [
              T=unsigned int
          ]
c:\users\bountyhunter\code\swoosh\exampledemo\swoosh\demoactivities\hiscorescene.h(62): warning C4244: '=': conversion from 'double' to 'float', possible loss of data
c:\users\bountyhunter\code\swoosh\exampledemo\swoosh\demoactivities\hiscorescene.h(63): warning C4244: '=': conversion from 'double' to 'float', possible loss of data
c:\users\bountyhunter\code\swoosh\exampledemo\swoosh\demoactivities\hiscorescene.h(108): warning C4244: 'argument': conversion from 'double' to 'T', possible loss of data
          with
          [
              T=float
          ]
c:\users\bountyhunter\code\swoosh\exampledemo\swoosh\demoactivities\hiscorescene.h(150): warning C4244: 'argument': conversion from 'T' to 'T', possible loss of data
          with
          [
              T=unsigned int
          ]
          and
          [
              T=float
          ]
c:\users\bountyhunter\code\swoosh\exampledemo\swoosh\demoactivities\hiscorescene.h(153): warning C4244: 'argument': conversion from 'int' to 'T', possible loss of data
          with
          [
              T=float
          ]
c:\users\bountyhunter\code\swoosh\exampledemo\swoosh\demoactivities\hiscorescene.h(179): warning C4244: 'argument': conversion from 'double' to 'T', possible loss of data
          with
          [
              T=float
          ]
c:\users\bountyhunter\code\swoosh\exampledemo\swoosh\demoactivities\hiscorescene.h(184): warning C4244: 'argument': conversion from 'double' to 'T', possible loss of data
          with
          [
              T=float
          ]
c:\users\bountyhunter\code\swoosh\exampledemo\swoosh\demoactivities\aboutscene.h(72): warning C4305: 'argument': truncation from 'double' to 'float'
c:\users\bountyhunter\code\swoosh\exampledemo\swoosh\demoactivities\aboutscene.h(75): warning C4244: '=': conversion from 'T' to 'float', possible loss of data
          with
          [
              T=unsigned int
          ]
c:\users\bountyhunter\code\swoosh\exampledemo\swoosh\demoactivities\aboutscene.h(76): warning C4244: '=': conversion from 'double' to 'float', possible loss of data
c:\users\bountyhunter\code\swoosh\exampledemo\swoosh\demoactivities\aboutscene.h(77): warning C4244: '=': conversion from 'double' to 'float', possible loss of data
c:\users\bountyhunter\code\swoosh\exampledemo\swoosh\demoactivities\aboutscene.h(100): warning C4244: 'argument': conversion from 'double' to 'float', possible loss of data
c:\users\bountyhunter\code\swoosh\exampledemo\swoosh\demoactivities\aboutscene.h(101): warning C4244: 'argument': conversion from 'double' to 'float', possible loss of data
c:\users\bountyhunter\code\swoosh\exampledemo\swoosh\demoactivities\mainmenuscene.h(72): warning C4244: '=': conversion from 'double' to 'float', possible loss of data
c:\users\bountyhunter\code\swoosh\exampledemo\swoosh\demoactivities\mainmenuscene.h(103): warning C4244: 'argument': conversion from 'double' to 'float', possible loss of data
c:\users\bountyhunter\code\swoosh\exampledemo\swoosh\demoactivities\mainmenuscene.h(109): warning C4244: 'argument': conversion from 'double' to 'T', possible loss of data
          with
          [
              T=float
          ]
c:\users\bountyhunter\code\swoosh\exampledemo\swoosh\demoactivities\mainmenuscene.h(112): warning C4244: 'argument': conversion from 'double' to 'float', possible loss of data
c:\users\bountyhunter\code\swoosh\exampledemo\swoosh\demoactivities\mainmenuscene.h(113): warning C4244: 'argument': conversion from 'double' to 'sf::Uint8', possible loss of data
c:\users\bountyhunter\code\swoosh\exampledemo\swoosh\demoactivities\mainmenuscene.h(184): warning C4244: 'argument': conversion from 'T' to 'T', possible loss of data
          with
          [
              T=unsigned int
          ]
          and
          [
              T=float
          ]
c:\users\bountyhunter\code\swoosh\exampledemo\swoosh\demoactivities\mainmenuscene.h(185): warning C4244: 'argument': conversion from 'int' to 'T', possible loss of data
          with
          [
              T=float
          ]
c:\users\bountyhunter\code\swoosh\exampledemo\swoosh\demoactivities\mainmenuscene.h(205): warning C4244: 'argument': conversion from 'int' to 'float', possible loss of data
c:\users\bountyhunter\code\swoosh\exampledemo\swoosh\demoactivities\mainmenuscene.h(236): warning C4244: 'argument': conversion from 'double' to 'T', possible loss of data
          with
          [
              T=float
          ]
c:\users\bountyhunter\code\swoosh\exampledemo\swoosh\demo.cpp(48): warning C4244: 'argument': conversion from 'T' to 'T', possible loss of data
          with
          [
              T=int
          ]
          and
          [
              T=float
          ]
c:\users\bountyhunter\code\swoosh\src\swoosh\game.h(39): warning C4244: '/=': conversion from 'double' to 'T', possible loss of data
          with
          [
              T=float
          ]
  c:\users\bountyhunter\code\swoosh\src\swoosh\game.h(48): note: see reference to function template instantiation 'T swoosh::game::normalize<sf::Vector2<float>>(T)' being compiled
          with
          [
              T=sf::Vector2<float>
          ]
  c:\users\bountyhunter\code\swoosh\exampledemo\swoosh\demoactivities\demoscene.h(241): note: see reference to function template instantiation 'sf::Vector2<float> swoosh::game::direction<float,sf::Vector2f,sf::Vector2f>(U,V)' being compiled
          with
          [
              U=sf::Vector2f,
              V=sf::Vector2f
          ]
c:\users\bountyhunter\code\swoosh\src\swoosh\game.h(40): warning C4244: '/=': conversion from 'double' to 'T', possible loss of data
          with
          [
              T=float
          ]
  Swoosh.vcxproj -> C:\Users\Bountyhunter\Code\Swoosh\ExampleDemo\x64\Debug\Swoosh.exe
